2019-08-14 10:50:59,657 INFO [main] c.x.job.admin.XxlJobAdminApplication [StartupInfoLogger.java : 48] Starting XxlJobAdminApplication on c1803cd2ad6d with PID 8 (/app.jar started by root in /)
2019-08-14 10:50:59,665 INFO [main] c.x.job.admin.XxlJobAdminApplication [SpringApplication.java : 593] No active profile set, falling back to default profiles: default
2019-08-14 10:51:00,380 INFO [main] o.s.b.c.e.AnnotationConfigEmbeddedWebApplicationContext [AbstractApplicationContext.java : 583] Refreshing org.springframework.boot.context.embedded.AnnotationConfigEmbeddedWebApplicationContext@49a218d8: startup date [Wed Aug 14 10:51:00 CST 2019]; root of context hierarchy
2019-08-14 10:51:00,505 INFO [background-preinit] o.h.validator.internal.util.Version [Version.java : 30] HV000001: Hibernate Validator 5.3.6.Final
2019-08-14 10:51:03,070 INFO [main] o.s.b.c.e.t.TomcatEmbeddedServletContainer [TomcatEmbeddedServletContainer.java : 92] Tomcat initialized with port(s): 8080 (http)
2019-08-14 10:51:03,091 INFO [main] o.a.coyote.http11.Http11NioProtocol [DirectJDKLog.java : 180] Initializing ProtocolHandler ["http-nio-8080"]
2019-08-14 10:51:03,147 INFO [main] o.a.catalina.core.StandardService [DirectJDKLog.java : 180] Starting service [Tomcat]
2019-08-14 10:51:03,153 INFO [main] o.a.catalina.core.StandardEngine [DirectJDKLog.java : 180] Starting Servlet Engine: Apache Tomcat/8.5.40
2019-08-14 10:51:03,293 INFO [localhost-startStop-1] o.a.c.c.C.[.[.[/xxl-job-admin] [DirectJDKLog.java : 180] Initializing Spring embedded WebApplicationContext
2019-08-14 10:51:03,294 INFO [localhost-startStop-1] o.s.web.context.ContextLoader [EmbeddedWebApplicationContext.java : 287] Root WebApplicationContext: initialization completed in 2914 ms
2019-08-14 10:51:03,622 INFO [localhost-startStop-1] o.s.b.w.s.ServletRegistrationBean [ServletRegistrationBean.java : 191] Mapping servlet: 'dispatcherServlet' to [/]
2019-08-14 10:51:03,670 INFO [localhost-startStop-1] o.s.b.w.s.FilterRegistrationBean [AbstractFilterRegistrationBean.java : 259] Mapping filter: 'characterEncodingFilter' to: [/*]
2019-08-14 10:51:03,682 INFO [localhost-startStop-1] o.s.b.w.s.FilterRegistrationBean [AbstractFilterRegistrationBean.java : 259] Mapping filter: 'hiddenHttpMethodFilter' to: [/*]
2019-08-14 10:51:03,688 INFO [localhost-startStop-1] o.s.b.w.s.FilterRegistrationBean [AbstractFilterRegistrationBean.java : 259] Mapping filter: 'httpPutFormContentFilter' to: [/*]
2019-08-14 10:51:03,689 INFO [localhost-startStop-1] o.s.b.w.s.FilterRegistrationBean [AbstractFilterRegistrationBean.java : 259] Mapping filter: 'requestContextFilter' to: [/*]
2019-08-14 10:51:05,150 INFO [main] c.x.r.r.p.XxlRpcProviderFactory [XxlRpcProviderFactory.java : 176] >>>>>>>>>>> xxl-rpc, provider factory add service success. serviceKey = com.xxl.job.core.biz.AdminBiz, serviceBean = class com.xxl.job.admin.service.impl.AdminBizImpl
2019-08-14 10:51:05,162 INFO [main] c.x.j.a.core.conf.XxlJobScheduler [XxlJobScheduler.java : 57] >>>>>>>>> init xxl-job admin success.
2019-08-14 10:51:05,296 WARN [xxl-job, admin JobFailMonitorHelper] o.a.tomcat.jdbc.pool.ConnectionPool [DirectJDKLog.java : 180] maxIdle is larger than maxActive, setting maxIdle to: 30
2019-08-14 10:51:06,405 INFO [main] o.s.w.s.m.m.a.RequestMappingHandlerAdapter [RequestMappingHandlerAdapter.java : 557] Looking for @ControllerAdvice: org.springframework.boot.context.embedded.AnnotationConfigEmbeddedWebApplicationContext@49a218d8: startup date [Wed Aug 14 10:51:00 CST 2019]; root of context hierarchy
2019-08-14 10:51:06,967 INFO [main] o.s.w.s.m.m.a.RequestMappingHandlerMapping [AbstractHandlerMethodMapping.java : 544] Mapped "{[/chartInfo]}" onto public com.xxl.job.core.biz.model.ReturnT<java.util.Map<java.lang.String, java.lang.Object>> com.xxl.job.admin.controller.IndexController.chartInfo(java.util.Date,java.util.Date)
2019-08-14 10:51:06,977 INFO [main] o.s.w.s.m.m.a.RequestMappingHandlerMapping [AbstractHandlerMethodMapping.java : 544] Mapped "{[/toLogin]}" onto public java.lang.String com.xxl.job.admin.controller.IndexController.toLogin(javax.servlet.http.HttpServletRequest,javax.servlet.http.HttpServletResponse)
2019-08-14 10:51:06,980 INFO [main] o.s.w.s.m.m.a.RequestMappingHandlerMapping [AbstractHandlerMethodMapping.java : 544] Mapped "{[/login],methods=[POST]}" onto public com.xxl.job.core.biz.model.ReturnT<java.lang.String> com.xxl.job.admin.controller.IndexController.loginDo(javax.servlet.http.HttpServletRequest,javax.servlet.http.HttpServletResponse,java.lang.String,java.lang.String,java.lang.String)
2019-08-14 10:51:06,982 INFO [main] o.s.w.s.m.m.a.RequestMappingHandlerMapping [AbstractHandlerMethodMapping.java : 544] Mapped "{[/logout],methods=[POST]}" onto public com.xxl.job.core.biz.model.ReturnT<java.lang.String> com.xxl.job.admin.controller.IndexController.logout(javax.servlet.http.HttpServletRequest,javax.servlet.http.HttpServletResponse)
2019-08-14 10:51:06,988 INFO [main] o.s.w.s.m.m.a.RequestMappingHandlerMapping [AbstractHandlerMethodMapping.java : 544] Mapped "{[/]}" onto public java.lang.String com.xxl.job.admin.controller.IndexController.index(org.springframework.ui.Model)
2019-08-14 10:51:06,989 INFO [main] o.s.w.s.m.m.a.RequestMappingHandlerMapping [AbstractHandlerMethodMapping.java : 544] Mapped "{[/help]}" onto public java.lang.String com.xxl.job.admin.controller.IndexController.help()
2019-08-14 10:51:06,991 INFO [main] o.s.w.s.m.m.a.RequestMappingHandlerMapping [AbstractHandlerMethodMapping.java : 544] Mapped "{[/api]}" onto public void com.xxl.job.admin.controller.JobApiController.api(javax.servlet.http.HttpServletRequest,javax.servlet.http.HttpServletResponse) throws java.io.IOException,javax.servlet.ServletException
2019-08-14 10:51:07,001 INFO [main] o.s.w.s.m.m.a.RequestMappingHandlerMapping [AbstractHandlerMethodMapping.java : 544] Mapped "{[/jobcode]}" onto public java.lang.String com.xxl.job.admin.controller.JobCodeController.index(javax.servlet.http.HttpServletRequest,org.springframework.ui.Model,int)
2019-08-14 10:51:07,003 INFO [main] o.s.w.s.m.m.a.RequestMappingHandlerMapping [AbstractHandlerMethodMapping.java : 544] Mapped "{[/jobcode/save]}" onto public com.xxl.job.core.biz.model.ReturnT<java.lang.String> com.xxl.job.admin.controller.JobCodeController.save(org.springframework.ui.Model,int,java.lang.String,java.lang.String)
2019-08-14 10:51:07,009 INFO [main] o.s.w.s.m.m.a.RequestMappingHandlerMapping [AbstractHandlerMethodMapping.java : 544] Mapped "{[/jobgroup/remove]}" onto public com.xxl.job.core.biz.model.ReturnT<java.lang.String> com.xxl.job.admin.controller.JobGroupController.remove(int)
2019-08-14 10:51:07,012 INFO [main] o.s.w.s.m.m.a.RequestMappingHandlerMapping [AbstractHandlerMethodMapping.java : 544] Mapped "{[/jobgroup]}" onto public java.lang.String com.xxl.job.admin.controller.JobGroupController.index(org.springframework.ui.Model)
2019-08-14 10:51:07,020 INFO [main] o.s.w.s.m.m.a.RequestMappingHandlerMapping [AbstractHandlerMethodMapping.java : 544] Mapped "{[/jobgroup/save]}" onto public com.xxl.job.core.biz.model.ReturnT<java.lang.String> com.xxl.job.admin.controller.JobGroupController.save(com.xxl.job.admin.core.model.XxlJobGroup)
2019-08-14 10:51:07,023 INFO [main] o.s.w.s.m.m.a.RequestMappingHandlerMapping [AbstractHandlerMethodMapping.java : 544] Mapped "{[/jobgroup/update]}" onto public com.xxl.job.core.biz.model.ReturnT<java.lang.String> com.xxl.job.admin.controller.JobGroupController.update(com.xxl.job.admin.core.model.XxlJobGroup)
2019-08-14 10:51:07,041 INFO [main] o.s.w.s.m.m.a.RequestMappingHandlerMapping [AbstractHandlerMethodMapping.java : 544] Mapped "{[/jobinfo/pageList]}" onto public java.util.Map<java.lang.String, java.lang.Object> com.xxl.job.admin.controller.JobInfoController.pageList(int,int,int,int,java.lang.String,java.lang.String,java.lang.String)
2019-08-14 10:51:07,050 INFO [main] o.s.w.s.m.m.a.RequestMappingHandlerMapping [AbstractHandlerMethodMapping.java : 544] Mapped "{[/jobinfo/stop]}" onto public com.xxl.job.core.biz.model.ReturnT<java.lang.String> com.xxl.job.admin.controller.JobInfoController.pause(int)
2019-08-14 10:51:07,052 INFO [main] o.s.w.s.m.m.a.RequestMappingHandlerMapping [AbstractHandlerMethodMapping.java : 544] Mapped "{[/jobinfo/trigger]}" onto public com.xxl.job.core.biz.model.ReturnT<java.lang.String> com.xxl.job.admin.controller.JobInfoController.triggerJob(int,java.lang.String)
2019-08-14 10:51:07,054 INFO [main] o.s.w.s.m.m.a.RequestMappingHandlerMapping [AbstractHandlerMethodMapping.java : 544] Mapped "{[/jobinfo/add]}" onto public com.xxl.job.core.biz.model.ReturnT<java.lang.String> com.xxl.job.admin.controller.JobInfoController.add(com.xxl.job.admin.core.model.XxlJobInfo)
2019-08-14 10:51:07,055 INFO [main] o.s.w.s.m.m.a.RequestMappingHandlerMapping [AbstractHandlerMethodMapping.java : 544] Mapped "{[/jobinfo/remove]}" onto public com.xxl.job.core.biz.model.ReturnT<java.lang.String> com.xxl.job.admin.controller.JobInfoController.remove(int)
2019-08-14 10:51:07,057 INFO [main] o.s.w.s.m.m.a.RequestMappingHandlerMapping [AbstractHandlerMethodMapping.java : 544] Mapped "{[/jobinfo]}" onto public java.lang.String com.xxl.job.admin.controller.JobInfoController.index(javax.servlet.http.HttpServletRequest,org.springframework.ui.Model,int)
2019-08-14 10:51:07,063 INFO [main] o.s.w.s.m.m.a.RequestMappingHandlerMapping [AbstractHandlerMethodMapping.java : 544] Mapped "{[/jobinfo/start]}" onto public com.xxl.job.core.biz.model.ReturnT<java.lang.String> com.xxl.job.admin.controller.JobInfoController.start(int)
2019-08-14 10:51:07,065 INFO [main] o.s.w.s.m.m.a.RequestMappingHandlerMapping [AbstractHandlerMethodMapping.java : 544] Mapped "{[/jobinfo/update]}" onto public com.xxl.job.core.biz.model.ReturnT<java.lang.String> com.xxl.job.admin.controller.JobInfoController.update(com.xxl.job.admin.core.model.XxlJobInfo)
2019-08-14 10:51:07,083 INFO [main] o.s.w.s.m.m.a.RequestMappingHandlerMapping [AbstractHandlerMethodMapping.java : 544] Mapped "{[/joblog/pageList]}" onto public java.util.Map<java.lang.String, java.lang.Object> com.xxl.job.admin.controller.JobLogController.pageList(javax.servlet.http.HttpServletRequest,int,int,int,int,int,java.lang.String)
2019-08-14 10:51:07,086 INFO [main] o.s.w.s.m.m.a.RequestMappingHandlerMapping [AbstractHandlerMethodMapping.java : 544] Mapped "{[/joblog/getJobsByGroup]}" onto public com.xxl.job.core.biz.model.ReturnT<java.util.List<com.xxl.job.admin.core.model.XxlJobInfo>> com.xxl.job.admin.controller.JobLogController.getJobsByGroup(int)
2019-08-14 10:51:07,088 INFO [main] o.s.w.s.m.m.a.RequestMappingHandlerMapping [AbstractHandlerMethodMapping.java : 544] Mapped "{[/joblog/logDetailPage]}" onto public java.lang.String com.xxl.job.admin.controller.JobLogController.logDetailPage(int,org.springframework.ui.Model)
2019-08-14 10:51:07,090 INFO [main] o.s.w.s.m.m.a.RequestMappingHandlerMapping [AbstractHandlerMethodMapping.java : 544] Mapped "{[/joblog/logDetailCat]}" onto public com.xxl.job.core.biz.model.ReturnT<com.xxl.job.core.biz.model.LogResult> com.xxl.job.admin.controller.JobLogController.logDetailCat(java.lang.String,long,long,int)
2019-08-14 10:51:07,102 INFO [main] o.s.w.s.m.m.a.RequestMappingHandlerMapping [AbstractHandlerMethodMapping.java : 544] Mapped "{[/joblog/logKill]}" onto public com.xxl.job.core.biz.model.ReturnT<java.lang.String> com.xxl.job.admin.controller.JobLogController.logKill(int)
2019-08-14 10:51:07,106 INFO [main] o.s.w.s.m.m.a.RequestMappingHandlerMapping [AbstractHandlerMethodMapping.java : 544] Mapped "{[/joblog/clearLog]}" onto public com.xxl.job.core.biz.model.ReturnT<java.lang.String> com.xxl.job.admin.controller.JobLogController.clearLog(int,int,int)
2019-08-14 10:51:07,122 INFO [main] o.s.w.s.m.m.a.RequestMappingHandlerMapping [AbstractHandlerMethodMapping.java : 544] Mapped "{[/joblog]}" onto public java.lang.String com.xxl.job.admin.controller.JobLogController.index(javax.servlet.http.HttpServletRequest,org.springframework.ui.Model,java.lang.Integer)
2019-08-14 10:51:07,136 INFO [main] o.s.w.s.m.m.a.RequestMappingHandlerMapping [AbstractHandlerMethodMapping.java : 544] Mapped "{[/user/updatePwd]}" onto public com.xxl.job.core.biz.model.ReturnT<java.lang.String> com.xxl.job.admin.controller.UserController.updatePwd(javax.servlet.http.HttpServletRequest,java.lang.String)
2019-08-14 10:51:07,138 INFO [main] o.s.w.s.m.m.a.RequestMappingHandlerMapping [AbstractHandlerMethodMapping.java : 544] Mapped "{[/user/pageList]}" onto public java.util.Map<java.lang.String, java.lang.Object> com.xxl.job.admin.controller.UserController.pageList(int,int,java.lang.String,int)
2019-08-14 10:51:07,140 INFO [main] o.s.w.s.m.m.a.RequestMappingHandlerMapping [AbstractHandlerMethodMapping.java : 544] Mapped "{[/user/add]}" onto public com.xxl.job.core.biz.model.ReturnT<java.lang.String> com.xxl.job.admin.controller.UserController.add(com.xxl.job.admin.core.model.XxlJobUser)
2019-08-14 10:51:07,153 INFO [main] o.s.w.s.m.m.a.RequestMappingHandlerMapping [AbstractHandlerMethodMapping.java : 544] Mapped "{[/user/remove]}" onto public com.xxl.job.core.biz.model.ReturnT<java.lang.String> com.xxl.job.admin.controller.UserController.remove(javax.servlet.http.HttpServletRequest,int)
2019-08-14 10:51:07,156 INFO [main] o.s.w.s.m.m.a.RequestMappingHandlerMapping [AbstractHandlerMethodMapping.java : 544] Mapped "{[/user]}" onto public java.lang.String com.xxl.job.admin.controller.UserController.index(org.springframework.ui.Model)
2019-08-14 10:51:07,158 INFO [main] o.s.w.s.m.m.a.RequestMappingHandlerMapping [AbstractHandlerMethodMapping.java : 544] Mapped "{[/user/update]}" onto public com.xxl.job.core.biz.model.ReturnT<java.lang.String> com.xxl.job.admin.controller.UserController.update(javax.servlet.http.HttpServletRequest,com.xxl.job.admin.core.model.XxlJobUser)
2019-08-14 10:51:07,170 INFO [main] o.s.w.s.m.m.a.RequestMappingHandlerMapping [AbstractHandlerMethodMapping.java : 544] Mapped "{[/error],produces=[text/html]}" onto public org.springframework.web.servlet.ModelAndView org.springframework.boot.autoconfigure.web.BasicErrorController.errorHtml(javax.servlet.http.HttpServletRequest,javax.servlet.http.HttpServletResponse)
2019-08-14 10:51:07,191 INFO [main] o.s.w.s.m.m.a.RequestMappingHandlerMapping [AbstractHandlerMethodMapping.java : 544] Mapped "{[/error]}" onto public org.springframework.http.ResponseEntity<java.util.Map<java.lang.String, java.lang.Object>> org.springframework.boot.autoconfigure.web.BasicErrorController.error(javax.servlet.http.HttpServletRequest)
2019-08-14 10:51:07,402 INFO [main] o.s.w.s.h.SimpleUrlHandlerMapping [AbstractUrlHandlerMapping.java : 364] Mapped URL path [/webjars/**] onto handler of type [class org.springframework.web.servlet.resource.ResourceHttpRequestHandler]
2019-08-14 10:51:07,439 INFO [main] o.s.w.s.h.SimpleUrlHandlerMapping [AbstractUrlHandlerMapping.java : 364] Mapped URL path [/static/**] onto handler of type [class org.springframework.web.servlet.resource.ResourceHttpRequestHandler]
2019-08-14 10:51:07,610 INFO [main] o.s.w.s.h.SimpleUrlHandlerMapping [AbstractUrlHandlerMapping.java : 364] Mapped URL path [/**/favicon.ico] onto handler of type [class org.springframework.web.servlet.resource.ResourceHttpRequestHandler]
2019-08-14 10:51:08,198 INFO [main] o.s.u.f.SpringTemplateLoader [SpringTemplateLoader.java : 61] SpringTemplateLoader for FreeMarker: using resource loader [org.springframework.boot.context.embedded.AnnotationConfigEmbeddedWebApplicationContext@49a218d8: startup date [Wed Aug 14 10:51:00 CST 2019]; root of context hierarchy] and template loader path [classpath:/templates/]
2019-08-14 10:51:08,201 INFO [main] o.s.w.s.v.f.FreeMarkerConfigurer [FreeMarkerConfigurer.java : 127] ClassTemplateLoader for Spring macros added to FreeMarker configuration
2019-08-14 10:51:08,848 INFO [main] o.s.j.e.a.AnnotationMBeanExporter [MBeanExporter.java : 431] Registering beans for JMX exposure on startup
2019-08-14 10:51:08,946 INFO [main] o.a.coyote.http11.Http11NioProtocol [DirectJDKLog.java : 180] Starting ProtocolHandler ["http-nio-8080"]
2019-08-14 10:51:08,968 INFO [main] o.a.tomcat.util.net.NioSelectorPool [DirectJDKLog.java : 180] Using a shared selector for servlet write/read
2019-08-14 10:51:08,995 INFO [main] o.s.b.c.e.t.TomcatEmbeddedServletContainer [TomcatEmbeddedServletContainer.java : 216] Tomcat started on port(s): 8080 (http)
2019-08-14 10:51:09,007 INFO [main] c.x.job.admin.XxlJobAdminApplication [StartupInfoLogger.java : 57] Started XxlJobAdminApplication in 10.096 seconds (JVM running for 11.19)
2019-08-14 10:51:10,000 INFO [xxl-job, admin JobScheduleHelper#scheduleThread] c.x.j.a.c.thread.JobScheduleHelper [JobScheduleHelper.java : 50] >>>>>>>>> init xxl-job admin scheduler success.
2019-08-14 10:52:13,893 INFO [http-nio-8080-exec-1] o.a.c.c.C.[.[.[/xxl-job-admin] [DirectJDKLog.java : 180] Initializing Spring FrameworkServlet 'dispatcherServlet'
2019-08-14 10:52:13,897 INFO [http-nio-8080-exec-1] o.s.web.servlet.DispatcherServlet [FrameworkServlet.java : 489] FrameworkServlet 'dispatcherServlet': initialization started
2019-08-14 10:52:13,918 INFO [http-nio-8080-exec-1] o.s.web.servlet.DispatcherServlet [FrameworkServlet.java : 508] FrameworkServlet 'dispatcherServlet': initialization completed in 19 ms
